<?xml version="1.0" encoding="UTF-8"?>
<testsuite name="ro.ubb.catalog.core.repository.BusRepositoryTest" tests="4" skipped="0" failures="0" errors="0" timestamp="2022-05-30T15:36:49" hostname="DESKTOP-B5IS4HU" time="0.471">
  <properties/>
  <testcase name="findAllWithDriverQuery" classname="ro.ubb.catalog.core.repository.BusRepositoryTest" time="0.237"/>
  <testcase name="findAllWithDriverAndStops" classname="ro.ubb.catalog.core.repository.BusRepositoryTest" time="0.13"/>
  <testcase name="findAllWithDriver" classname="ro.ubb.catalog.core.repository.BusRepositoryTest" time="0.042"/>
  <testcase name="findAllWithDriverAndStopsQuery" classname="ro.ubb.catalog.core.repository.BusRepositoryTest" time="0.06"/>
  <system-out><![CDATA[Hibernate: create table bus (id bigint generated by default as identity, capacity integer, fuel varchar(255), modelname varchar(255), driverid bigint, primary key (id))
Hibernate: create table busstation (id bigint generated by default as identity, name varchar(255), cityid bigint, primary key (id))
Hibernate: create table busstop (stoptime varchar(255), stationid bigint not null, busid bigint not null, primary key (busid, stationid))
Hibernate: create table city (id bigint generated by default as identity, name varchar(255), population integer, primary key (id))
Hibernate: create table driver (id bigint generated by default as identity, cnp varchar(255), name varchar(255), primary key (id))
Hibernate: alter table bus drop constraint if exists UK_1rw3ps210vdwd5xk02p2a9mbx
Hibernate: alter table bus add constraint UK_1rw3ps210vdwd5xk02p2a9mbx unique (modelname)
Hibernate: alter table busstation drop constraint if exists UK_gnhccyoy17ogflnbdf4y6wvll
Hibernate: alter table busstation add constraint UK_gnhccyoy17ogflnbdf4y6wvll unique (name)
Hibernate: alter table city drop constraint if exists UK_qsstlki7ni5ovaariyy9u8y79
Hibernate: alter table city add constraint UK_qsstlki7ni5ovaariyy9u8y79 unique (name)
Hibernate: alter table driver drop constraint if exists UK_t9249qexpwxieuljf6jyfathx
Hibernate: alter table driver add constraint UK_t9249qexpwxieuljf6jyfathx unique (cnp)
Hibernate: alter table bus add constraint FKc98u3g8g9fb3cktv8yc3j4o60 foreign key (driverid) references driver
Hibernate: alter table busstation add constraint FKed47gr3oo3dh4o3kquui9ho94 foreign key (cityid) references city
Hibernate: alter table busstop add constraint FKqaspbjv8utkgll24qi44yj2h3 foreign key (stationid) references busstation
Hibernate: alter table busstop add constraint FK4ixf3op90acl6grg46vlyv2hp foreign key (busid) references bus
2022-05-30T18:36:49,376 WARN  [Test worker]: AbstractTableMetaData                - Potential problem found: The configured data type factory 'class org.dbunit.dataset.datatype.DefaultDataTypeFactory' might cause problems with the current database 'H2' (e.g. some datatypes may not be supported properly). In rare cases you might see this message because the list of supported database products is incomplete (list=[derby]). If so please request a java-class update via the forums.If you are using your own IDataTypeFactory extending DefaultDataTypeFactory, ensure that you override getValidDbProducts() to specify the supported database products. 
2022-05-30T18:36:49,395 WARN  [Test worker]: AbstractTableMetaData                - Potential problem found: The configured data type factory 'class org.dbunit.dataset.datatype.DefaultDataTypeFactory' might cause problems with the current database 'H2' (e.g. some datatypes may not be supported properly). In rare cases you might see this message because the list of supported database products is incomplete (list=[derby]). If so please request a java-class update via the forums.If you are using your own IDataTypeFactory extending DefaultDataTypeFactory, ensure that you override getValidDbProducts() to specify the supported database products. 
2022-05-30T18:36:49,400 WARN  [Test worker]: AbstractTableMetaData                - Potential problem found: The configured data type factory 'class org.dbunit.dataset.datatype.DefaultDataTypeFactory' might cause problems with the current database 'H2' (e.g. some datatypes may not be supported properly). In rare cases you might see this message because the list of supported database products is incomplete (list=[derby]). If so please request a java-class update via the forums.If you are using your own IDataTypeFactory extending DefaultDataTypeFactory, ensure that you override getValidDbProducts() to specify the supported database products. 
2022-05-30T18:36:49,404 WARN  [Test worker]: AbstractTableMetaData                - Potential problem found: The configured data type factory 'class org.dbunit.dataset.datatype.DefaultDataTypeFactory' might cause problems with the current database 'H2' (e.g. some datatypes may not be supported properly). In rare cases you might see this message because the list of supported database products is incomplete (list=[derby]). If so please request a java-class update via the forums.If you are using your own IDataTypeFactory extending DefaultDataTypeFactory, ensure that you override getValidDbProducts() to specify the supported database products. 
2022-05-30T18:36:49,408 WARN  [Test worker]: AbstractTableMetaData                - Potential problem found: The configured data type factory 'class org.dbunit.dataset.datatype.DefaultDataTypeFactory' might cause problems with the current database 'H2' (e.g. some datatypes may not be supported properly). In rare cases you might see this message because the list of supported database products is incomplete (list=[derby]). If so please request a java-class update via the forums.If you are using your own IDataTypeFactory extending DefaultDataTypeFactory, ensure that you override getValidDbProducts() to specify the supported database products. 
Hibernate: select distinct bus0_.id as id1_0_0_, driver1_.id as id1_4_1_, bus0_.capacity as capacity2_0_0_, bus0_.driverid as driverid5_0_0_, bus0_.fuel as fuel3_0_0_, bus0_.modelname as modelnam4_0_0_, driver1_.cnp as cnp2_4_1_, driver1_.name as name3_4_1_ from bus bus0_ left outer join driver driver1_ on bus0_.driverid=driver1_.id
2022-05-30T18:36:49,538 WARN  [Test worker]: AbstractTableMetaData                - Potential problem found: The configured data type factory 'class org.dbunit.dataset.datatype.DefaultDataTypeFactory' might cause problems with the current database 'H2' (e.g. some datatypes may not be supported properly). In rare cases you might see this message because the list of supported database products is incomplete (list=[derby]). If so please request a java-class update via the forums.If you are using your own IDataTypeFactory extending DefaultDataTypeFactory, ensure that you override getValidDbProducts() to specify the supported database products. 
2022-05-30T18:36:49,542 WARN  [Test worker]: AbstractTableMetaData                - Potential problem found: The configured data type factory 'class org.dbunit.dataset.datatype.DefaultDataTypeFactory' might cause problems with the current database 'H2' (e.g. some datatypes may not be supported properly). In rare cases you might see this message because the list of supported database products is incomplete (list=[derby]). If so please request a java-class update via the forums.If you are using your own IDataTypeFactory extending DefaultDataTypeFactory, ensure that you override getValidDbProducts() to specify the supported database products. 
2022-05-30T18:36:49,545 WARN  [Test worker]: AbstractTableMetaData                - Potential problem found: The configured data type factory 'class org.dbunit.dataset.datatype.DefaultDataTypeFactory' might cause problems with the current database 'H2' (e.g. some datatypes may not be supported properly). In rare cases you might see this message because the list of supported database products is incomplete (list=[derby]). If so please request a java-class update via the forums.If you are using your own IDataTypeFactory extending DefaultDataTypeFactory, ensure that you override getValidDbProducts() to specify the supported database products. 
2022-05-30T18:36:49,550 WARN  [Test worker]: AbstractTableMetaData                - Potential problem found: The configured data type factory 'class org.dbunit.dataset.datatype.DefaultDataTypeFactory' might cause problems with the current database 'H2' (e.g. some datatypes may not be supported properly). In rare cases you might see this message because the list of supported database products is incomplete (list=[derby]). If so please request a java-class update via the forums.If you are using your own IDataTypeFactory extending DefaultDataTypeFactory, ensure that you override getValidDbProducts() to specify the supported database products. 
2022-05-30T18:36:49,554 WARN  [Test worker]: AbstractTableMetaData                - Potential problem found: The configured data type factory 'class org.dbunit.dataset.datatype.DefaultDataTypeFactory' might cause problems with the current database 'H2' (e.g. some datatypes may not be supported properly). In rare cases you might see this message because the list of supported database products is incomplete (list=[derby]). If so please request a java-class update via the forums.If you are using your own IDataTypeFactory extending DefaultDataTypeFactory, ensure that you override getValidDbProducts() to specify the supported database products. 
2022-05-30T18:36:49,558 TRACE [Test worker]: BusRepository                        - > CriteriaAPI: findAllWithDriverAndStops - method was entered.  
Hibernate: select distinct bus0_.id as id1_0_0_, driver1_.id as id1_4_1_, stops2_.busid as busid3_2_2_, stops2_.stationid as stationi2_2_2_, busstation3_.id as id1_1_3_, city4_.id as id1_3_4_, bus0_.capacity as capacity2_0_0_, bus0_.driverid as driverid5_0_0_, bus0_.fuel as fuel3_0_0_, bus0_.modelname as modelnam4_0_0_, driver1_.cnp as cnp2_4_1_, driver1_.name as name3_4_1_, stops2_.stoptime as stoptime1_2_2_, stops2_.busid as busid3_2_0__, stops2_.stationid as stationi2_2_0__, busstation3_.cityid as cityid3_1_3_, busstation3_.name as name2_1_3_, city4_.name as name2_3_4_, city4_.population as populati3_3_4_ from bus bus0_ left outer join driver driver1_ on bus0_.driverid=driver1_.id left outer join busstop stops2_ on bus0_.id=stops2_.busid left outer join busstation busstation3_ on stops2_.stationid=busstation3_.id left outer join city city4_ on busstation3_.cityid=city4_.id
2022-05-30T18:36:49,650 TRACE [Test worker]: BusRepository                        - > CriteriaAPI: findAllWithDriverAndStops - method was finished.  
2022-05-30T18:36:49,666 WARN  [Test worker]: AbstractTableMetaData                - Potential problem found: The configured data type factory 'class org.dbunit.dataset.datatype.DefaultDataTypeFactory' might cause problems with the current database 'H2' (e.g. some datatypes may not be supported properly). In rare cases you might see this message because the list of supported database products is incomplete (list=[derby]). If so please request a java-class update via the forums.If you are using your own IDataTypeFactory extending DefaultDataTypeFactory, ensure that you override getValidDbProducts() to specify the supported database products. 
2022-05-30T18:36:49,671 WARN  [Test worker]: AbstractTableMetaData                - Potential problem found: The configured data type factory 'class org.dbunit.dataset.datatype.DefaultDataTypeFactory' might cause problems with the current database 'H2' (e.g. some datatypes may not be supported properly). In rare cases you might see this message because the list of supported database products is incomplete (list=[derby]). If so please request a java-class update via the forums.If you are using your own IDataTypeFactory extending DefaultDataTypeFactory, ensure that you override getValidDbProducts() to specify the supported database products. 
2022-05-30T18:36:49,675 WARN  [Test worker]: AbstractTableMetaData                - Potential problem found: The configured data type factory 'class org.dbunit.dataset.datatype.DefaultDataTypeFactory' might cause problems with the current database 'H2' (e.g. some datatypes may not be supported properly). In rare cases you might see this message because the list of supported database products is incomplete (list=[derby]). If so please request a java-class update via the forums.If you are using your own IDataTypeFactory extending DefaultDataTypeFactory, ensure that you override getValidDbProducts() to specify the supported database products. 
2022-05-30T18:36:49,679 WARN  [Test worker]: AbstractTableMetaData                - Potential problem found: The configured data type factory 'class org.dbunit.dataset.datatype.DefaultDataTypeFactory' might cause problems with the current database 'H2' (e.g. some datatypes may not be supported properly). In rare cases you might see this message because the list of supported database products is incomplete (list=[derby]). If so please request a java-class update via the forums.If you are using your own IDataTypeFactory extending DefaultDataTypeFactory, ensure that you override getValidDbProducts() to specify the supported database products. 
2022-05-30T18:36:49,683 WARN  [Test worker]: AbstractTableMetaData                - Potential problem found: The configured data type factory 'class org.dbunit.dataset.datatype.DefaultDataTypeFactory' might cause problems with the current database 'H2' (e.g. some datatypes may not be supported properly). In rare cases you might see this message because the list of supported database products is incomplete (list=[derby]). If so please request a java-class update via the forums.If you are using your own IDataTypeFactory extending DefaultDataTypeFactory, ensure that you override getValidDbProducts() to specify the supported database products. 
2022-05-30T18:36:49,687 TRACE [Test worker]: BusRepository                        - > CriteriaAPI: findAllWithDriver - method was entered.  
2022-05-30T18:36:49,687 TRACE [Test worker]: BusRepository                        - > CriteriaAPI: findAllWithDriver - method was finished.  
Hibernate: select distinct bus0_.id as id1_0_0_, driver1_.id as id1_4_1_, bus0_.capacity as capacity2_0_0_, bus0_.driverid as driverid5_0_0_, bus0_.fuel as fuel3_0_0_, bus0_.modelname as modelnam4_0_0_, driver1_.cnp as cnp2_4_1_, driver1_.name as name3_4_1_ from bus bus0_ left outer join driver driver1_ on bus0_.driverid=driver1_.id
2022-05-30T18:36:49,709 WARN  [Test worker]: AbstractTableMetaData                - Potential problem found: The configured data type factory 'class org.dbunit.dataset.datatype.DefaultDataTypeFactory' might cause problems with the current database 'H2' (e.g. some datatypes may not be supported properly). In rare cases you might see this message because the list of supported database products is incomplete (list=[derby]). If so please request a java-class update via the forums.If you are using your own IDataTypeFactory extending DefaultDataTypeFactory, ensure that you override getValidDbProducts() to specify the supported database products. 
2022-05-30T18:36:49,712 WARN  [Test worker]: AbstractTableMetaData                - Potential problem found: The configured data type factory 'class org.dbunit.dataset.datatype.DefaultDataTypeFactory' might cause problems with the current database 'H2' (e.g. some datatypes may not be supported properly). In rare cases you might see this message because the list of supported database products is incomplete (list=[derby]). If so please request a java-class update via the forums.If you are using your own IDataTypeFactory extending DefaultDataTypeFactory, ensure that you override getValidDbProducts() to specify the supported database products. 
2022-05-30T18:36:49,716 WARN  [Test worker]: AbstractTableMetaData                - Potential problem found: The configured data type factory 'class org.dbunit.dataset.datatype.DefaultDataTypeFactory' might cause problems with the current database 'H2' (e.g. some datatypes may not be supported properly). In rare cases you might see this message because the list of supported database products is incomplete (list=[derby]). If so please request a java-class update via the forums.If you are using your own IDataTypeFactory extending DefaultDataTypeFactory, ensure that you override getValidDbProducts() to specify the supported database products. 
2022-05-30T18:36:49,720 WARN  [Test worker]: AbstractTableMetaData                - Potential problem found: The configured data type factory 'class org.dbunit.dataset.datatype.DefaultDataTypeFactory' might cause problems with the current database 'H2' (e.g. some datatypes may not be supported properly). In rare cases you might see this message because the list of supported database products is incomplete (list=[derby]). If so please request a java-class update via the forums.If you are using your own IDataTypeFactory extending DefaultDataTypeFactory, ensure that you override getValidDbProducts() to specify the supported database products. 
2022-05-30T18:36:49,723 WARN  [Test worker]: AbstractTableMetaData                - Potential problem found: The configured data type factory 'class org.dbunit.dataset.datatype.DefaultDataTypeFactory' might cause problems with the current database 'H2' (e.g. some datatypes may not be supported properly). In rare cases you might see this message because the list of supported database products is incomplete (list=[derby]). If so please request a java-class update via the forums.If you are using your own IDataTypeFactory extending DefaultDataTypeFactory, ensure that you override getValidDbProducts() to specify the supported database products. 
Hibernate: select distinct bus0_.id as id1_0_0_, stops1_.busid as busid3_2_1_, stops1_.stationid as stationi2_2_1_, driver2_.id as id1_4_2_, bus0_.capacity as capacity2_0_0_, bus0_.driverid as driverid5_0_0_, bus0_.fuel as fuel3_0_0_, bus0_.modelname as modelnam4_0_0_, stops1_.stoptime as stoptime1_2_1_, stops1_.busid as busid3_2_0__, stops1_.stationid as stationi2_2_0__, driver2_.cnp as cnp2_4_2_, driver2_.name as name3_4_2_ from bus bus0_ left outer join busstop stops1_ on bus0_.id=stops1_.busid left outer join driver driver2_ on bus0_.driverid=driver2_.id
Hibernate: select busstation0_.id as id1_1_0_, busstation0_.cityid as cityid3_1_0_, busstation0_.name as name2_1_0_ from busstation busstation0_ where busstation0_.id=?
Hibernate: select busstation0_.id as id1_1_0_, busstation0_.cityid as cityid3_1_0_, busstation0_.name as name2_1_0_ from busstation busstation0_ where busstation0_.id=?
Hibernate: select busstation0_.id as id1_1_0_, busstation0_.cityid as cityid3_1_0_, busstation0_.name as name2_1_0_ from busstation busstation0_ where busstation0_.id=?
]]></system-out>
  <system-err><![CDATA[]]></system-err>
</testsuite>
